[2026-02-18T22:46:16.066Z] --- Starting Sync Request ---
[2026-02-18T22:46:16.084Z] Fetching Calendar Events...
[2026-02-18T22:46:16.649Z] Found 32 total calendar events
[2026-02-18T22:46:16.649Z] Found 0 generic task events
[2026-02-18T22:46:16.649Z] Fetching Google Task Lists...
[2026-02-18T22:46:16.823Z] Tasks API Error: Google Tasks API has not been used in project 558219105503 before or it is disabled. Enable it by visiting https://console.developers.google.com/apis/api/tasks.googleapis.com/overview?project=558219105503 then retry. If you enabled this API recently, wait a few minutes for the action to propagate to our systems and retry.
[2026-02-18T22:46:16.823Z] Sync Complete. Total Synced: 0
[2026-02-18T22:49:22.097Z] --- Starting Sync Request ---
[2026-02-18T22:49:22.101Z] Fetching Calendar Events...
[2026-02-18T22:49:22.646Z] Found 32 total calendar events
[2026-02-18T22:49:22.647Z] Found 0 generic task events
[2026-02-18T22:49:22.647Z] Fetching Google Task Lists...
[2026-02-18T22:49:22.812Z] Tasks API Error: Google Tasks API has not been used in project 558219105503 before or it is disabled. Enable it by visiting https://console.developers.google.com/apis/api/tasks.googleapis.com/overview?project=558219105503 then retry. If you enabled this API recently, wait a few minutes for the action to propagate to our systems and retry.
[2026-02-18T22:49:22.812Z] Sync Complete. Total Synced: 0
[2026-02-18T22:50:11.243Z] --- Starting Sync Request ---
[2026-02-18T22:50:11.245Z] Fetching Calendar Events...
[2026-02-18T22:50:11.609Z] Found 33 total calendar events
[2026-02-18T22:50:11.609Z] Found 0 generic task events
[2026-02-18T22:50:11.610Z] Fetching Google Task Lists...
[2026-02-18T22:50:11.745Z] Tasks API Error: Google Tasks API has not been used in project 558219105503 before or it is disabled. Enable it by visiting https://console.developers.google.com/apis/api/tasks.googleapis.com/overview?project=558219105503 then retry. If you enabled this API recently, wait a few minutes for the action to propagate to our systems and retry.
[2026-02-18T22:50:11.745Z] Sync Complete. Total Synced: 0
[2026-02-18T22:53:44.309Z] --- Starting Sync Request ---
[2026-02-18T22:53:44.311Z] Fetching Calendar Events...
[2026-02-18T22:53:44.728Z] Found 33 total calendar events
[2026-02-18T22:53:44.728Z] Found 0 generic task events
[2026-02-18T22:53:44.728Z] Fetching Google Task Lists...
[2026-02-18T22:53:44.940Z] Found 1 task lists
[2026-02-18T22:53:44.940Z] Processing list: My Tasks (MTYzODU3OTM4ODgzMDA4MjAyOTY6MDow)
[2026-02-18T22:53:45.059Z] Found 2 active tasks in list My Tasks
[2026-02-18T22:53:45.059Z]  - Syncing Task: Test 1/23 [todo] (Due: 2026-02-18T00:00:00.000Z)
[2026-02-18T22:53:45.066Z]  - Syncing Task: Yes goggle [todo] (Due: 2026-02-18T00:00:00.000Z)
[2026-02-18T22:53:45.068Z] Sync Complete. Total Synced: 2
[2026-02-19T04:21:46.601Z] --- Starting Sync Request ---
[2026-02-19T04:21:46.610Z] Fetching Calendar Events...
[2026-02-19T04:21:47.192Z] Found 32 total calendar events
[2026-02-19T04:21:47.192Z] Found 0 generic task events
[2026-02-19T04:21:47.192Z] Fetching Google Task Lists...
[2026-02-19T04:21:47.487Z] Found 1 task lists
[2026-02-19T04:21:47.487Z] Processing list: My Tasks (MTYzODU3OTM4ODgzMDA4MjAyOTY6MDow)
[2026-02-19T04:21:47.588Z] Found 2 active tasks in list My Tasks
[2026-02-19T04:21:47.588Z]  - Syncing Task: Test 1/23 [todo] (Due: 2026-02-18T00:00:00.000Z)
[2026-02-19T04:21:47.590Z]  - Syncing Task: Yes goggle [todo] (Due: 2026-02-18T00:00:00.000Z)
[2026-02-19T04:21:47.591Z] Sync Complete. Total Synced: 2
[2026-02-19T04:22:20.593Z] --- Starting Sync Request ---
[2026-02-19T04:22:20.597Z] Fetching Calendar Events...
[2026-02-19T04:22:21.132Z] Found 32 total calendar events
[2026-02-19T04:22:21.132Z] Found 0 generic task events
[2026-02-19T04:22:21.132Z] Fetching Google Task Lists...
[2026-02-19T04:22:21.355Z] Found 1 task lists
[2026-02-19T04:22:21.355Z] Processing list: My Tasks (MTYzODU3OTM4ODgzMDA4MjAyOTY6MDow)
[2026-02-19T04:22:21.461Z] Found 2 active tasks in list My Tasks
[2026-02-19T04:22:21.461Z]  - Syncing Task: Test 1/23 [todo] (Due: 2026-02-18T00:00:00.000Z)
[2026-02-19T04:22:21.464Z]  - Syncing Task: Yes goggle [todo] (Due: 2026-02-18T00:00:00.000Z)
[2026-02-19T04:22:21.466Z] Sync Complete. Total Synced: 2
[2026-02-19T05:41:50.371Z] --- Starting Sync Request ---
[2026-02-19T05:41:50.373Z] Fetching Calendar Events...
[2026-02-19T05:41:50.949Z] Found 32 total calendar events
[2026-02-19T05:41:50.949Z] Found 0 generic task events
[2026-02-19T05:41:50.949Z] Fetching Google Task Lists...
[2026-02-19T05:41:51.229Z] Found 1 task lists
[2026-02-19T05:41:51.229Z] Processing list: My Tasks (MTYzODU3OTM4ODgzMDA4MjAyOTY6MDow)
[2026-02-19T05:41:51.334Z] Found 2 active tasks in list My Tasks
[2026-02-19T05:41:51.334Z]  - Syncing Task: Test 1/23 [todo] (Due: 2026-02-18T00:00:00.000Z)
[2026-02-19T05:41:51.336Z]  - Syncing Task: Yes goggle [todo] (Due: 2026-02-18T00:00:00.000Z)
[2026-02-19T05:41:51.337Z] Sync Complete. Total Synced: 2
[2026-02-19T05:41:59.375Z] --- Starting Sync Request ---
[2026-02-19T05:41:59.376Z] Fetching Calendar Events...
[2026-02-19T05:41:59.904Z] Found 32 total calendar events
[2026-02-19T05:41:59.905Z] Found 0 generic task events
[2026-02-19T05:41:59.905Z] Fetching Google Task Lists...
[2026-02-19T05:42:00.227Z] Found 1 task lists
[2026-02-19T05:42:00.227Z] Processing list: My Tasks (MTYzODU3OTM4ODgzMDA4MjAyOTY6MDow)
[2026-02-19T05:42:00.332Z] Found 2 active tasks in list My Tasks
[2026-02-19T05:42:00.332Z]  - Syncing Task: Test 1/23 [todo] (Due: 2026-02-18T00:00:00.000Z)
[2026-02-19T05:42:00.333Z]  - Syncing Task: Yes goggle [todo] (Due: 2026-02-18T00:00:00.000Z)
[2026-02-19T05:42:00.334Z] Sync Complete. Total Synced: 2
[2026-02-19T09:44:24.976Z] --- Starting Sync Request ---
[2026-02-19T09:44:24.979Z] Fetching Calendar Events...
[2026-02-19T09:44:25.231Z] Found 32 total calendar events
[2026-02-19T09:44:25.231Z] Found 0 generic task events
[2026-02-19T09:44:25.231Z] Fetching Google Task Lists...
[2026-02-19T09:44:25.504Z] Found 1 task lists
[2026-02-19T09:44:25.505Z] Processing list: My Tasks (MTYzODU3OTM4ODgzMDA4MjAyOTY6MDow)
[2026-02-19T09:44:25.630Z] Found 2 active tasks in list My Tasks
[2026-02-19T09:44:25.631Z]  - Syncing Task: Test 1/23 [todo] (Due: 2026-02-18T00:00:00.000Z)
[2026-02-19T09:44:25.636Z]  - Syncing Task: Yes goggle [todo] (Due: 2026-02-18T00:00:00.000Z)
[2026-02-19T09:44:25.637Z] Sync Complete. Total Synced: 2
[2026-02-19T09:51:15.957Z] --- Starting Sync Request ---
[2026-02-19T09:51:15.959Z] Fetching Calendar Events...
[2026-02-19T09:51:16.483Z] Found 32 total calendar events
[2026-02-19T09:51:16.484Z] Found 0 generic task events
[2026-02-19T09:51:16.484Z] Fetching Google Task Lists...
[2026-02-19T09:51:16.755Z] Found 1 task lists
[2026-02-19T09:51:16.755Z] Processing list: My Tasks (MTYzODU3OTM4ODgzMDA4MjAyOTY6MDow)
[2026-02-19T09:51:16.864Z] Found 1 active tasks in list My Tasks
[2026-02-19T09:51:16.865Z]  - Syncing Task: Test 1/23 [todo] (Due: 2026-02-18T00:00:00.000Z)
[2026-02-19T09:51:16.868Z] Sync Complete. Total Synced: 1
[2026-02-19T09:57:59.431Z] --- Starting Sync Request ---
[2026-02-19T09:57:59.433Z] Fetching Calendar Events...
[2026-02-19T09:57:59.974Z] Found 32 total calendar events
[2026-02-19T09:57:59.975Z] Found 0 generic task events
[2026-02-19T09:57:59.975Z] Fetching Google Task Lists...
[2026-02-19T09:58:00.210Z] Found 1 task lists
[2026-02-19T09:58:00.211Z] Processing list: My Tasks (MTYzODU3OTM4ODgzMDA4MjAyOTY6MDow)
[2026-02-19T09:58:00.320Z] Found 1 active tasks in list My Tasks
[2026-02-19T09:58:00.320Z]  - Syncing Task: Test 1/23 [todo] (Due: 2026-02-18T00:00:00.000Z)
[2026-02-19T09:58:00.322Z] Sync Complete. Total Synced: 1
[2026-02-19T10:04:50.248Z] --- Starting Sync Request ---
[2026-02-19T10:04:50.251Z] Fetching Calendar Events...
[2026-02-19T10:04:50.814Z] Found 30 total calendar events
[2026-02-19T10:04:50.815Z] Found 0 generic task events
[2026-02-19T10:04:50.815Z] Fetching Google Task Lists...
[2026-02-19T10:04:51.043Z] Found 1 task lists
[2026-02-19T10:04:51.043Z] Processing list: My Tasks (MTYzODU3OTM4ODgzMDA4MjAyOTY6MDow)
[2026-02-19T10:04:51.157Z] Found 0 active tasks in list My Tasks
[2026-02-19T10:04:51.157Z] Sync Complete. Total Synced: 0
[2026-02-19T10:05:01.630Z] --- Starting Sync Request ---
[2026-02-19T10:05:01.632Z] Fetching Calendar Events...
[2026-02-19T10:05:02.091Z] Found 30 total calendar events
[2026-02-19T10:05:02.092Z] Found 0 generic task events
[2026-02-19T10:05:02.092Z] Fetching Google Task Lists...
[2026-02-19T10:05:02.300Z] Found 1 task lists
[2026-02-19T10:05:02.301Z] Processing list: My Tasks (MTYzODU3OTM4ODgzMDA4MjAyOTY6MDow)
[2026-02-19T10:05:02.408Z] Found 0 active tasks in list My Tasks
[2026-02-19T10:05:02.408Z] Sync Complete. Total Synced: 0
[2026-02-19T10:05:27.764Z] --- Starting Sync Request ---
[2026-02-19T10:05:27.767Z] Fetching Calendar Events...
[2026-02-19T10:05:28.223Z] Found 30 total calendar events
[2026-02-19T10:05:28.224Z] Found 0 generic task events
[2026-02-19T10:05:28.225Z] Fetching Google Task Lists...
[2026-02-19T10:05:28.427Z] Found 1 task lists
[2026-02-19T10:05:28.427Z] Processing list: My Tasks (MTYzODU3OTM4ODgzMDA4MjAyOTY6MDow)
[2026-02-19T10:05:28.525Z] Found 0 active tasks in list My Tasks
[2026-02-19T10:05:28.526Z] Sync Complete. Total Synced: 0
[2026-02-19T10:08:31.417Z] --- Starting Sync Request ---
[2026-02-19T10:08:31.420Z] Fetching Calendar Events...
[2026-02-19T10:08:32.015Z] Found 30 total calendar events
[2026-02-19T10:08:32.015Z] Found 0 generic task events
[2026-02-19T10:08:32.015Z] Fetching Google Task Lists...
[2026-02-19T10:08:32.250Z] Found 1 task lists
[2026-02-19T10:08:32.251Z] Processing list: My Tasks (MTYzODU3OTM4ODgzMDA4MjAyOTY6MDow)
[2026-02-19T10:08:32.358Z] Found 0 active tasks in list My Tasks
[2026-02-19T10:08:32.358Z] Sync Complete. Total Synced: 0
[2026-02-19T10:09:32.433Z] --- Starting Sync Request ---
[2026-02-19T10:09:32.435Z] Fetching Calendar Events...
[2026-02-19T10:09:32.945Z] Found 30 total calendar events
[2026-02-19T10:09:32.946Z] Found 0 generic task events
[2026-02-19T10:09:32.946Z] Fetching Google Task Lists...
[2026-02-19T10:09:33.150Z] Found 1 task lists
[2026-02-19T10:09:33.151Z] Processing list: My Tasks (MTYzODU3OTM4ODgzMDA4MjAyOTY6MDow)
[2026-02-19T10:09:33.255Z] Found 0 active tasks in list My Tasks
[2026-02-19T10:09:33.256Z] Sync Complete. Total Synced: 0
[2026-03-09T21:23:52.404Z] --- Starting Sync Request ---
[2026-03-09T21:23:52.410Z] Fetching Calendar Events...
[2026-03-09T21:23:52.806Z] Found 30 total calendar events
[2026-03-09T21:23:52.811Z] Found 0 generic task events
[2026-03-09T21:23:52.811Z] Fetching Google Task Lists...
[2026-03-09T21:23:53.030Z] Found 1 task lists
[2026-03-09T21:23:53.031Z] Processing list: My Tasks (MTYzODU3OTM4ODgzMDA4MjAyOTY6MDow)
[2026-03-09T21:23:53.137Z] Found 0 active tasks in list My Tasks
[2026-03-09T21:23:53.137Z] Sync Complete. Total Synced: 0
[2026-03-10T21:42:33.764Z] --- Starting Sync Request ---
[2026-03-10T21:42:33.770Z] Fetching Calendar Events...
[2026-03-10T21:42:34.377Z] Found 31 total calendar events
[2026-03-10T21:42:34.377Z] Found 1 generic task events
[2026-03-10T21:42:34.383Z] Fetching Google Task Lists...
[2026-03-10T21:42:34.827Z] Found 1 task lists
[2026-03-10T21:42:34.828Z] Processing list: My Tasks (MTYzODU3OTM4ODgzMDA4MjAyOTY6MDow)
[2026-03-10T21:42:34.940Z] Found 0 active tasks in list My Tasks
[2026-03-10T21:42:34.940Z] Sync Complete. Total Synced: 1
